{
  "RSpec": {
    "coverage": {
      "/Users/martinchavez/mod3/projects/whats_the_weather/app/facades/restaurant_facade.rb": {
        "lines": [
          1,
          1,
          1,
          null,
          1,
          null,
          null,
          1,
          null,
          null,
          1,
          null,
          null,
          null,
          null,
          null,
          null
        ]
      },
      "/Users/martinchavez/mod3/projects/whats_the_weather/app/services/restaurant_service.rb": {
        "lines": [
          1,
          1,
          1,
          null,
          null,
          1,
          1,
          1,
          1,
          1,
          1,
          1,
          1,
          null,
          1,
          null,
          null,
          null
        ]
      },
      "/Users/martinchavez/mod3/projects/whats_the_weather/app/poros/restaurant_poro.rb": {
        "lines": [
          1,
          1,
          1,
          1,
          null,
          1,
          1,
          1,
          1,
          null,
          null
        ]
      }
    },
    "timestamp": 1713888875
  }
}
